{"/home/gleste/Documents/projetos/bossabox/vuttr-server/src/config.js": {"path":"/home/gleste/Documents/projetos/bossabox/vuttr-server/src/config.js","statementMap":{"0":{"start":{"line":1,"column":0},"end":{"line":1,"column":27}},"1":{"start":{"line":3,"column":20},"end":{"line":3,"column":48}},"2":{"start":{"line":5,"column":0},"end":{"line":7,"column":2}}},"fnMap":{},"branchMap":{},"s":{"0":2,"1":2,"2":2},"f":{},"b":{},"_coverageSchema":"43e27e138ebf9cfc5966b082cf9a028302ed4184","hash":"e596c580d48b9fe3f85fd609b123374d70224d73"}
,"/home/gleste/Documents/projetos/bossabox/vuttr-server/src/database/connectDatabase.js": {"path":"/home/gleste/Documents/projetos/bossabox/vuttr-server/src/database/connectDatabase.js","statementMap":{"0":{"start":{"line":1,"column":17},"end":{"line":1,"column":36}},"1":{"start":{"line":3,"column":16},"end":{"line":13,"column":1}},"2":{"start":{"line":4,"column":2},"end":{"line":12,"column":3}},"3":{"start":{"line":5,"column":21},"end":{"line":8,"column":6}},"4":{"start":{"line":9,"column":4},"end":{"line":9,"column":35}},"5":{"start":{"line":11,"column":4},"end":{"line":11,"column":14}},"6":{"start":{"line":15,"column":0},"end":{"line":15,"column":25}}},"fnMap":{"0":{"name":"(anonymous_0)","decl":{"start":{"line":3,"column":16},"end":{"line":3,"column":17}},"loc":{"start":{"line":3,"column":53},"end":{"line":13,"column":1}},"line":3}},"branchMap":{},"s":{"0":2,"1":2,"2":3,"3":3,"4":3,"5":0,"6":2},"f":{"0":3},"b":{},"_coverageSchema":"43e27e138ebf9cfc5966b082cf9a028302ed4184","hash":"9211d971926259083d05e68028fc6979f03a6f41"}
,"/home/gleste/Documents/projetos/bossabox/vuttr-server/src/database/index.js": {"path":"/home/gleste/Documents/projetos/bossabox/vuttr-server/src/database/index.js","statementMap":{"0":{"start":{"line":1,"column":24},"end":{"line":1,"column":52}},"1":{"start":{"line":2,"column":14},"end":{"line":2,"column":39}},"2":{"start":{"line":4,"column":0},"end":{"line":7,"column":2}}},"fnMap":{},"branchMap":{},"s":{"0":2,"1":2,"2":2},"f":{},"b":{},"_coverageSchema":"43e27e138ebf9cfc5966b082cf9a028302ed4184","hash":"aba20e1804e910c51cc00df3851ba29d2f1266a5"}
,"/home/gleste/Documents/projetos/bossabox/vuttr-server/src/database/models/Tools.js": {"path":"/home/gleste/Documents/projetos/bossabox/vuttr-server/src/database/models/Tools.js","statementMap":{"0":{"start":{"line":1,"column":17},"end":{"line":1,"column":36}},"1":{"start":{"line":2,"column":15},"end":{"line":2,"column":30}},"2":{"start":{"line":4,"column":20},"end":{"line":29,"column":1}},"3":{"start":{"line":31,"column":14},"end":{"line":31,"column":50}},"4":{"start":{"line":33,"column":0},"end":{"line":33,"column":23}}},"fnMap":{},"branchMap":{},"s":{"0":2,"1":2,"2":2,"3":2,"4":2},"f":{},"b":{},"_coverageSchema":"43e27e138ebf9cfc5966b082cf9a028302ed4184","hash":"453be365ccc328dc79cd8779d9fd68f7224af315"}
,"/home/gleste/Documents/projetos/bossabox/vuttr-server/src/helpers/index.js": {"path":"/home/gleste/Documents/projetos/bossabox/vuttr-server/src/helpers/index.js","statementMap":{"0":{"start":{"line":1,"column":19},"end":{"line":1,"column":42}},"1":{"start":{"line":3,"column":0},"end":{"line":5,"column":2}}},"fnMap":{},"branchMap":{},"s":{"0":1,"1":1},"f":{},"b":{},"_coverageSchema":"43e27e138ebf9cfc5966b082cf9a028302ed4184","hash":"0837dc4ef10438bb16f2294acedb611ca4b1694c"}
,"/home/gleste/Documents/projetos/bossabox/vuttr-server/src/helpers/singleTool.js": {"path":"/home/gleste/Documents/projetos/bossabox/vuttr-server/src/helpers/singleTool.js","statementMap":{"0":{"start":{"line":1,"column":19},"end":{"line":19,"column":1}},"1":{"start":{"line":21,"column":0},"end":{"line":21,"column":28}}},"fnMap":{},"branchMap":{},"s":{"0":1,"1":1},"f":{},"b":{},"_coverageSchema":"43e27e138ebf9cfc5966b082cf9a028302ed4184","hash":"99b3d1bde077243879dde9374fa66cc69dd275d4"}
}
