TN:
SF:/home/gleste/Documents/projetos/bossabox/vuttr-server/src/config.js
FNF:0
FNH:0
DA:1,3
DA:3,3
DA:4,3
DA:6,3
LF:4
LH:4
BRF:0
BRH:0
end_of_record
TN:
SF:/home/gleste/Documents/projetos/bossabox/vuttr-server/src/server.js
FNF:0
FNH:0
DA:1,1
DA:2,1
DA:3,1
DA:4,1
DA:5,1
DA:7,1
DA:14,1
LF:7
LH:7
BRF:0
BRH:0
end_of_record
TN:
SF:/home/gleste/Documents/projetos/bossabox/vuttr-server/src/database/connectDatabase.js
FN:3,(anonymous_0)
FNF:1
FNH:1
FNDA:5,(anonymous_0)
DA:1,3
DA:3,3
DA:4,5
DA:5,5
DA:9,5
DA:11,0
DA:15,3
LF:7
LH:6
BRF:0
BRH:0
end_of_record
TN:
SF:/home/gleste/Documents/projetos/bossabox/vuttr-server/src/database/index.js
FNF:0
FNH:0
DA:1,3
DA:2,3
DA:4,3
LF:3
LH:3
BRF:0
BRH:0
end_of_record
TN:
SF:/home/gleste/Documents/projetos/bossabox/vuttr-server/src/database/models/Tools.js
FNF:0
FNH:0
DA:1,3
DA:2,3
DA:4,3
DA:31,3
DA:33,3
LF:5
LH:5
BRF:0
BRH:0
end_of_record
TN:
SF:/home/gleste/Documents/projetos/bossabox/vuttr-server/src/helpers/arrayOfTools.js
FNF:0
FNH:0
DA:1,2
DA:37,2
LF:2
LH:2
BRF:0
BRH:0
end_of_record
TN:
SF:/home/gleste/Documents/projetos/bossabox/vuttr-server/src/helpers/index.js
FNF:0
FNH:0
DA:1,2
DA:2,2
DA:4,2
LF:3
LH:3
BRF:0
BRH:0
end_of_record
TN:
SF:/home/gleste/Documents/projetos/bossabox/vuttr-server/src/helpers/singleTool.js
FNF:0
FNH:0
DA:1,2
DA:21,2
LF:2
LH:2
BRF:0
BRH:0
end_of_record
TN:
SF:/home/gleste/Documents/projetos/bossabox/vuttr-server/src/rest/controllers/index.js
FNF:0
FNH:0
DA:7,1
DA:9,1
LF:2
LH:2
BRF:0
BRH:0
end_of_record
TN:
SF:/home/gleste/Documents/projetos/bossabox/vuttr-server/src/rest/controllers/toolsController.js
FN:3,(anonymous_0)
FN:16,(anonymous_1)
FN:26,(anonymous_2)
FN:36,(anonymous_3)
FN:47,(anonymous_4)
FNF:5
FNH:5
FNDA:2,(anonymous_0)
FNDA:1,(anonymous_1)
FNDA:1,(anonymous_2)
FNDA:1,(anonymous_3)
FNDA:1,(anonymous_4)
DA:1,1
DA:3,1
DA:4,2
DA:5,2
DA:6,1
DA:7,1
DA:9,1
DA:10,1
DA:12,0
DA:16,1
DA:17,1
DA:18,1
DA:19,1
DA:20,1
DA:22,0
DA:26,1
DA:27,1
DA:28,1
DA:29,1
DA:30,1
DA:32,0
DA:36,1
DA:37,1
DA:38,1
DA:39,1
DA:40,1
DA:41,1
DA:43,0
DA:47,1
DA:48,1
DA:49,1
DA:50,1
DA:51,1
DA:53,0
DA:57,1
LF:35
LH:30
BRDA:5,0,0,1
BRDA:5,0,1,1
BRF:2
BRH:2
end_of_record
TN:
SF:/home/gleste/Documents/projetos/bossabox/vuttr-server/src/rest/routes/index.js
FNF:0
FNH:0
DA:1,1
DA:3,1
LF:2
LH:2
BRF:0
BRH:0
end_of_record
TN:
SF:/home/gleste/Documents/projetos/bossabox/vuttr-server/src/rest/routes/toolsRouter.js
FNF:0
FNH:0
DA:1,1
DA:2,1
DA:9,1
DA:11,1
DA:18,1
LF:5
LH:5
BRF:0
BRH:0
end_of_record
