TN:
SF:/home/gleste/Documents/projetos/bossabox/vuttr-server/src/config.js
FNF:0
FNH:0
DA:1,2
DA:3,2
DA:4,2
DA:6,2
LF:4
LH:4
BRF:0
BRH:0
end_of_record
TN:
SF:/home/gleste/Documents/projetos/bossabox/vuttr-server/src/server.js
FN:6,(anonymous_0)
FNF:1
FNH:1
FNDA:1,(anonymous_0)
DA:1,1
DA:2,1
DA:3,1
DA:4,1
DA:6,1
DA:8,1
DA:15,1
LF:7
LH:7
BRF:0
BRH:0
end_of_record
TN:
SF:/home/gleste/Documents/projetos/bossabox/vuttr-server/src/database/connectDatabase.js
FN:3,(anonymous_0)
FNF:1
FNH:1
FNDA:3,(anonymous_0)
DA:1,2
DA:3,2
DA:4,3
DA:5,3
DA:9,3
DA:11,0
DA:15,2
LF:7
LH:6
BRF:0
BRH:0
end_of_record
TN:
SF:/home/gleste/Documents/projetos/bossabox/vuttr-server/src/database/index.js
FNF:0
FNH:0
DA:1,2
DA:2,2
DA:4,2
LF:3
LH:3
BRF:0
BRH:0
end_of_record
TN:
SF:/home/gleste/Documents/projetos/bossabox/vuttr-server/src/database/models/Tools.js
FNF:0
FNH:0
DA:1,2
DA:2,2
DA:4,2
DA:31,2
DA:33,2
LF:5
LH:5
BRF:0
BRH:0
end_of_record
TN:
SF:/home/gleste/Documents/projetos/bossabox/vuttr-server/src/helpers/index.js
FNF:0
FNH:0
DA:1,1
DA:3,1
LF:2
LH:2
BRF:0
BRH:0
end_of_record
TN:
SF:/home/gleste/Documents/projetos/bossabox/vuttr-server/src/helpers/singleTool.js
FNF:0
FNH:0
DA:1,1
DA:21,1
LF:2
LH:2
BRF:0
BRH:0
end_of_record
